<?xml version="1.0" encoding="UTF-8"?>
<testsuite xmlns:xsi="http://www.w3.org/2001/XMLSchema-instance" xsi:noNamespaceSchemaLocation="https://maven.apache.org/surefire/maven-surefire-plugin/xsd/surefire-test-report.xsd" name="com.wellsfargo.stocks.stockexchange.StockExchangeServiceTests" time="3.015" tests="4" errors="1" skipped="0" failures="0">
  <properties>
[...]
</properties>
  <testcase name="getStockExchangesListTest" classname="com.wellsfargo.stocks.stockexchange.StockExchangeServiceTests" time="0.051"/>
  <testcase name="addStockExchangeTest" classname="com.wellsfargo.stocks.stockexchange.StockExchangeServiceTests" time="0.01"/>
  <testcase name="contextLoads" classname="com.wellsfargo.stocks.stockexchange.StockExchangeServiceTests" time="0.01"/>
  <testcase name="getCompaniesListTest" classname="com.wellsfargo.stocks.stockexchange.StockExchangeServiceTests" time="0.048">
    <error message="&#10;Company cannot be returned by findById()&#10;findById() should return Exchange&#10;***&#10;If you&apos;re unsure why you&apos;re getting above error read on.&#10;Due to the nature of the syntax above problem might occur because:&#10;1. This exception *might* occur in wrongly written multi-threaded tests.&#10;   Please refer to Mockito FAQ on limitations of concurrency testing.&#10;2. A spy is stubbed using when(spy.foo()).then() syntax. It is safer to stub spies - &#10;   - with doReturn|Throw() family of methods. More in javadocs for Mockito.spy() method.&#10;" type="org.mockito.exceptions.misusing.WrongTypeOfReturnValue">org.mockito.exceptions.misusing.WrongTypeOfReturnValue: 

Company cannot be returned by findById()
findById() should return Exchange
***
If you're unsure why you're getting above error read on.
Due to the nature of the syntax above problem might occur because:
1. This exception *might* occur in wrongly written multi-threaded tests.
   Please refer to Mockito FAQ on limitations of concurrency testing.
2. A spy is stubbed using when(spy.foo()).then() syntax. It is safer to stub spies - 
   - with doReturn|Throw() family of methods. More in javadocs for Mockito.spy() method.

	at com.wellsfargo.stocks.stockexchange.StockExchangeServiceTests.getCompaniesListTest(StockExchangeServiceTests.java:83)
</error>
  </testcase>
</testsuite>